<?xml version="1.0" encoding="UTF-8"?>
<!-- Generated by org.testng.reporters.JUnitReportReporter -->
<testsuite hostname="Pedros" failures="0" tests="1" name="test.AddCustomerTest" time="15.264" errors="0" timestamp="2024-06-06T23:49:55 CDT" skipped="0">
  <testcase classname="test.AddCustomerTest" name="userShouldBeAbleToCreateNewCustomer" time="15.264"/>
  <system-out/>
</testsuite> <!-- test.AddCustomerTest -->
