<?xml version="1.0" encoding="UTF-8"?>
<!-- Generated by org.testng.reporters.JUnitReportReporter -->
<testsuite hostname="Pedros" failures="0" tests="2" name="test.LoginTest" time="20.067" errors="0" timestamp="06 Jun 2024 05:14:21 GMT" skipped="0">
  <testcase classname="test.LoginTest" name="validUserShouldBeableToLogin" time="14.596"/>
  <testcase classname="test.LoginTest" name="validateAlertPopup" time="5.471"/>
</testsuite> <!-- test.LoginTest -->
